2025-05-28 22:05:23,442 - INFO - 开始处理 5 个项目
2025-05-28 22:05:23,442 - INFO - 正在处理项目 MozillaCore (1/5)
2025-05-28 22:05:23,442 - INFO - 正在加载 MozillaCore 的数据文件
2025-05-28 22:05:23,521 - INFO - 成功加载 MozillaCore 的数据，共 205069 条记录
2025-05-28 22:05:23,521 - INFO - 正在生成 MozillaCore 的故障预测报告
2025-05-28 22:05:24,358 - INFO - 故障预测报告已保存到 integrated_output\fault_prediction\MozillaCore_fault_report.json
2025-05-28 22:05:27,276 - INFO - 风险分布图已保存到 integrated_output\fault_prediction\MozillaCore_risk_distribution.png
2025-05-28 22:05:27,276 - INFO - 正在生成 MozillaCore 的异常检测报告
2025-05-28 22:05:27,371 - INFO - 异常检测报告已保存到 integrated_output\anomaly_detection\MozillaCore_anomaly_report.json
2025-05-28 22:05:27,449 - INFO - 异常检测时间线已保存到 integrated_output\anomaly_detection\MozillaCore_anomaly_timeline.png
2025-05-28 22:05:27,457 - INFO - 异常检测数据已保存到 integrated_output\anomaly_detection\MozillaCore_anomaly_data.csv
2025-05-28 22:05:27,457 - INFO - 正在生成 MozillaCore 的重用性预测报告
2025-05-28 22:05:28,195 - INFO - 重用性预测报告已保存到 integrated_output\reusability\MozillaCore_reuse_report.json
2025-05-28 22:05:28,297 - INFO - 重用分布图已保存到 integrated_output\reusability\MozillaCore_reuse_distribution.png
2025-05-28 22:05:28,297 - INFO - 完成 MozillaCore 的集成输出生成
2025-05-28 22:05:28,298 - INFO - 正在处理项目 Firefox (2/5)
2025-05-28 22:05:28,298 - INFO - 正在加载 Firefox 的数据文件
2025-05-28 22:05:28,350 - INFO - 成功加载 Firefox 的数据，共 115814 条记录
2025-05-28 22:05:28,351 - INFO - 正在生成 Firefox 的故障预测报告
2025-05-28 22:05:28,852 - INFO - 故障预测报告已保存到 integrated_output\fault_prediction\Firefox_fault_report.json
2025-05-28 22:05:28,935 - INFO - 风险分布图已保存到 integrated_output\fault_prediction\Firefox_risk_distribution.png
2025-05-28 22:05:28,935 - INFO - 正在生成 Firefox 的异常检测报告
2025-05-28 22:05:28,979 - INFO - 异常检测报告已保存到 integrated_output\anomaly_detection\Firefox_anomaly_report.json
2025-05-28 22:05:29,056 - INFO - 异常检测时间线已保存到 integrated_output\anomaly_detection\Firefox_anomaly_timeline.png
2025-05-28 22:05:29,060 - INFO - 异常检测数据已保存到 integrated_output\anomaly_detection\Firefox_anomaly_data.csv
2025-05-28 22:05:29,061 - INFO - 正在生成 Firefox 的重用性预测报告
2025-05-28 22:05:29,630 - INFO - 重用性预测报告已保存到 integrated_output\reusability\Firefox_reuse_report.json
2025-05-28 22:05:29,735 - INFO - 重用分布图已保存到 integrated_output\reusability\Firefox_reuse_distribution.png
2025-05-28 22:05:29,735 - INFO - 完成 Firefox 的集成输出生成
2025-05-28 22:05:29,736 - INFO - 正在处理项目 Thunderbird (3/5)
2025-05-28 22:05:29,736 - INFO - 正在加载 Thunderbird 的数据文件
2025-05-28 22:05:29,751 - INFO - 成功加载 Thunderbird 的数据，共 32551 条记录
2025-05-28 22:05:29,751 - INFO - 正在生成 Thunderbird 的故障预测报告
2025-05-28 22:05:29,889 - INFO - 故障预测报告已保存到 integrated_output\fault_prediction\Thunderbird_fault_report.json
2025-05-28 22:05:29,965 - INFO - 风险分布图已保存到 integrated_output\fault_prediction\Thunderbird_risk_distribution.png
2025-05-28 22:05:29,966 - INFO - 正在生成 Thunderbird 的异常检测报告
2025-05-28 22:05:30,010 - INFO - 异常检测报告已保存到 integrated_output\anomaly_detection\Thunderbird_anomaly_report.json
2025-05-28 22:05:30,085 - INFO - 异常检测时间线已保存到 integrated_output\anomaly_detection\Thunderbird_anomaly_timeline.png
2025-05-28 22:05:30,089 - INFO - 异常检测数据已保存到 integrated_output\anomaly_detection\Thunderbird_anomaly_data.csv
2025-05-28 22:05:30,089 - INFO - 正在生成 Thunderbird 的重用性预测报告
2025-05-28 22:05:30,277 - INFO - 重用性预测报告已保存到 integrated_output\reusability\Thunderbird_reuse_report.json
2025-05-28 22:05:30,370 - INFO - 重用分布图已保存到 integrated_output\reusability\Thunderbird_reuse_distribution.png
2025-05-28 22:05:30,370 - INFO - 完成 Thunderbird 的集成输出生成
2025-05-28 22:05:30,370 - INFO - 正在处理项目 EclipsePlatform (4/5)
2025-05-28 22:05:30,370 - INFO - 正在加载 EclipsePlatform 的数据文件
2025-05-28 22:05:30,398 - INFO - 成功加载 EclipsePlatform 的数据，共 85156 条记录
2025-05-28 22:05:30,399 - INFO - 正在生成 EclipsePlatform 的故障预测报告
2025-05-28 22:05:30,760 - INFO - 故障预测报告已保存到 integrated_output\fault_prediction\EclipsePlatform_fault_report.json
2025-05-28 22:05:30,833 - INFO - 风险分布图已保存到 integrated_output\fault_prediction\EclipsePlatform_risk_distribution.png
2025-05-28 22:05:30,834 - INFO - 正在生成 EclipsePlatform 的异常检测报告
2025-05-28 22:05:30,882 - INFO - 异常检测报告已保存到 integrated_output\anomaly_detection\EclipsePlatform_anomaly_report.json
2025-05-28 22:05:30,958 - INFO - 异常检测时间线已保存到 integrated_output\anomaly_detection\EclipsePlatform_anomaly_timeline.png
2025-05-28 22:05:30,961 - INFO - 异常检测数据已保存到 integrated_output\anomaly_detection\EclipsePlatform_anomaly_data.csv
2025-05-28 22:05:30,962 - INFO - 正在生成 EclipsePlatform 的重用性预测报告
2025-05-28 22:05:31,209 - INFO - 重用性预测报告已保存到 integrated_output\reusability\EclipsePlatform_reuse_report.json
2025-05-28 22:05:31,305 - INFO - 重用分布图已保存到 integrated_output\reusability\EclipsePlatform_reuse_distribution.png
2025-05-28 22:05:31,305 - INFO - 完成 EclipsePlatform 的集成输出生成
2025-05-28 22:05:31,305 - INFO - 正在处理项目 JDT (5/5)
2025-05-28 22:05:31,305 - INFO - 正在加载 JDT 的数据文件
2025-05-28 22:05:31,320 - INFO - 成功加载 JDT 的数据，共 45296 条记录
2025-05-28 22:05:31,320 - INFO - 正在生成 JDT 的故障预测报告
2025-05-28 22:05:31,513 - INFO - 故障预测报告已保存到 integrated_output\fault_prediction\JDT_fault_report.json
2025-05-28 22:05:31,595 - INFO - 风险分布图已保存到 integrated_output\fault_prediction\JDT_risk_distribution.png
2025-05-28 22:05:31,596 - INFO - 正在生成 JDT 的异常检测报告
2025-05-28 22:05:31,639 - INFO - 异常检测报告已保存到 integrated_output\anomaly_detection\JDT_anomaly_report.json
2025-05-28 22:05:31,716 - INFO - 异常检测时间线已保存到 integrated_output\anomaly_detection\JDT_anomaly_timeline.png
2025-05-28 22:05:31,722 - INFO - 异常检测数据已保存到 integrated_output\anomaly_detection\JDT_anomaly_data.csv
2025-05-28 22:05:31,722 - INFO - 正在生成 JDT 的重用性预测报告
2025-05-28 22:05:31,949 - INFO - 重用性预测报告已保存到 integrated_output\reusability\JDT_reuse_report.json
2025-05-28 22:05:32,046 - INFO - 重用分布图已保存到 integrated_output\reusability\JDT_reuse_distribution.png
2025-05-28 22:05:32,046 - INFO - 完成 JDT 的集成输出生成
2025-05-28 22:05:32,047 - INFO - 正在生成总结报告
2025-05-28 22:05:32,047 - INFO - 生成总结报告完成
2025-05-28 22:05:32,047 - INFO - 集成输出生成完成，成功处理 5/5 个项目
2025-05-28 23:00:40,361 - INFO - 开始处理 5 个项目
2025-05-28 23:00:40,361 - INFO - 正在处理项目 MozillaCore (1/5)
2025-05-28 23:00:40,361 - INFO - 正在加载 MozillaCore 的数据文件
2025-05-28 23:00:40,547 - INFO - 成功加载 MozillaCore 的数据，共 205069 条记录
2025-05-28 23:00:40,547 - INFO - 正在生成 MozillaCore 的故障预测报告
2025-05-28 23:00:44,546 - INFO - 故障预测报告已保存到 integrated_output\fault_prediction\MozillaCore_fault_report.json
2025-05-28 23:00:45,074 - INFO - 风险分布图已保存到 integrated_output\fault_prediction\MozillaCore_risk_distribution.png
2025-05-28 23:00:45,074 - INFO - 正在生成 MozillaCore 的异常检测报告
2025-05-28 23:00:45,186 - INFO - 异常检测报告已保存到 integrated_output\anomaly_detection\MozillaCore_anomaly_report.json
2025-05-28 23:00:45,408 - INFO - 异常检测时间线已保存到 integrated_output\anomaly_detection\MozillaCore_anomaly_timeline.png
2025-05-28 23:00:45,412 - INFO - 异常检测数据已保存到 integrated_output\anomaly_detection\MozillaCore_anomaly_data.csv
2025-05-28 23:00:45,412 - INFO - 正在生成 MozillaCore 的重用性预测报告
2025-05-28 23:00:48,929 - INFO - 重用性预测报告已保存到 integrated_output\reusability\MozillaCore_reuse_report.json
2025-05-28 23:00:49,236 - INFO - 重用分布图已保存到 integrated_output\reusability\MozillaCore_reuse_distribution.png
2025-05-28 23:00:49,236 - INFO - 完成 MozillaCore 的集成输出生成
2025-05-28 23:00:49,236 - INFO - 正在处理项目 Firefox (2/5)
2025-05-28 23:00:49,237 - INFO - 正在加载 Firefox 的数据文件
2025-05-28 23:00:49,368 - INFO - 成功加载 Firefox 的数据，共 115814 条记录
2025-05-28 23:00:49,368 - INFO - 正在生成 Firefox 的故障预测报告
2025-05-28 23:00:51,780 - INFO - 故障预测报告已保存到 integrated_output\fault_prediction\Firefox_fault_report.json
2025-05-28 23:00:52,044 - INFO - 风险分布图已保存到 integrated_output\fault_prediction\Firefox_risk_distribution.png
2025-05-28 23:00:52,044 - INFO - 正在生成 Firefox 的异常检测报告
2025-05-28 23:00:52,151 - INFO - 异常检测报告已保存到 integrated_output\anomaly_detection\Firefox_anomaly_report.json
2025-05-28 23:00:52,398 - INFO - 异常检测时间线已保存到 integrated_output\anomaly_detection\Firefox_anomaly_timeline.png
2025-05-28 23:00:52,402 - INFO - 异常检测数据已保存到 integrated_output\anomaly_detection\Firefox_anomaly_data.csv
2025-05-28 23:00:52,402 - INFO - 正在生成 Firefox 的重用性预测报告
2025-05-28 23:00:55,213 - INFO - 重用性预测报告已保存到 integrated_output\reusability\Firefox_reuse_report.json
2025-05-28 23:00:55,545 - INFO - 重用分布图已保存到 integrated_output\reusability\Firefox_reuse_distribution.png
2025-05-28 23:00:55,545 - INFO - 完成 Firefox 的集成输出生成
2025-05-28 23:00:55,545 - INFO - 正在处理项目 Thunderbird (3/5)
2025-05-28 23:00:55,545 - INFO - 正在加载 Thunderbird 的数据文件
2025-05-28 23:00:55,583 - INFO - 成功加载 Thunderbird 的数据，共 32551 条记录
2025-05-28 23:00:55,584 - INFO - 正在生成 Thunderbird 的故障预测报告
2025-05-28 23:00:56,300 - INFO - 故障预测报告已保存到 integrated_output\fault_prediction\Thunderbird_fault_report.json
2025-05-28 23:00:56,526 - INFO - 风险分布图已保存到 integrated_output\fault_prediction\Thunderbird_risk_distribution.png
2025-05-28 23:00:56,526 - INFO - 正在生成 Thunderbird 的异常检测报告
2025-05-28 23:00:56,635 - INFO - 异常检测报告已保存到 integrated_output\anomaly_detection\Thunderbird_anomaly_report.json
2025-05-28 23:00:56,873 - INFO - 异常检测时间线已保存到 integrated_output\anomaly_detection\Thunderbird_anomaly_timeline.png
2025-05-28 23:00:56,877 - INFO - 异常检测数据已保存到 integrated_output\anomaly_detection\Thunderbird_anomaly_data.csv
2025-05-28 23:00:56,878 - INFO - 正在生成 Thunderbird 的重用性预测报告
2025-05-28 23:00:57,782 - INFO - 重用性预测报告已保存到 integrated_output\reusability\Thunderbird_reuse_report.json
2025-05-28 23:00:58,059 - INFO - 重用分布图已保存到 integrated_output\reusability\Thunderbird_reuse_distribution.png
2025-05-28 23:00:58,059 - INFO - 完成 Thunderbird 的集成输出生成
2025-05-28 23:00:58,060 - INFO - 正在处理项目 EclipsePlatform (4/5)
2025-05-28 23:00:58,060 - INFO - 正在加载 EclipsePlatform 的数据文件
2025-05-28 23:00:58,115 - INFO - 成功加载 EclipsePlatform 的数据，共 85156 条记录
2025-05-28 23:00:58,115 - INFO - 正在生成 EclipsePlatform 的故障预测报告
2025-05-28 23:00:59,807 - INFO - 故障预测报告已保存到 integrated_output\fault_prediction\EclipsePlatform_fault_report.json
2025-05-28 23:01:00,023 - INFO - 风险分布图已保存到 integrated_output\fault_prediction\EclipsePlatform_risk_distribution.png
2025-05-28 23:01:00,023 - INFO - 正在生成 EclipsePlatform 的异常检测报告
2025-05-28 23:01:00,129 - INFO - 异常检测报告已保存到 integrated_output\anomaly_detection\EclipsePlatform_anomaly_report.json
2025-05-28 23:01:00,355 - INFO - 异常检测时间线已保存到 integrated_output\anomaly_detection\EclipsePlatform_anomaly_timeline.png
2025-05-28 23:01:00,358 - INFO - 异常检测数据已保存到 integrated_output\anomaly_detection\EclipsePlatform_anomaly_data.csv
2025-05-28 23:01:00,359 - INFO - 正在生成 EclipsePlatform 的重用性预测报告
2025-05-28 23:01:01,421 - INFO - 重用性预测报告已保存到 integrated_output\reusability\EclipsePlatform_reuse_report.json
2025-05-28 23:01:01,709 - INFO - 重用分布图已保存到 integrated_output\reusability\EclipsePlatform_reuse_distribution.png
2025-05-28 23:01:01,710 - INFO - 完成 EclipsePlatform 的集成输出生成
2025-05-28 23:01:01,710 - INFO - 正在处理项目 JDT (5/5)
2025-05-28 23:01:01,710 - INFO - 正在加载 JDT 的数据文件
2025-05-28 23:01:01,740 - INFO - 成功加载 JDT 的数据，共 45296 条记录
2025-05-28 23:01:01,740 - INFO - 正在生成 JDT 的故障预测报告
2025-05-28 23:01:02,598 - INFO - 故障预测报告已保存到 integrated_output\fault_prediction\JDT_fault_report.json
2025-05-28 23:01:02,814 - INFO - 风险分布图已保存到 integrated_output\fault_prediction\JDT_risk_distribution.png
2025-05-28 23:01:02,814 - INFO - 正在生成 JDT 的异常检测报告
2025-05-28 23:01:02,922 - INFO - 异常检测报告已保存到 integrated_output\anomaly_detection\JDT_anomaly_report.json
2025-05-28 23:01:03,143 - INFO - 异常检测时间线已保存到 integrated_output\anomaly_detection\JDT_anomaly_timeline.png
2025-05-28 23:01:03,145 - INFO - 异常检测数据已保存到 integrated_output\anomaly_detection\JDT_anomaly_data.csv
2025-05-28 23:01:03,145 - INFO - 正在生成 JDT 的重用性预测报告
2025-05-28 23:01:03,691 - INFO - 重用性预测报告已保存到 integrated_output\reusability\JDT_reuse_report.json
2025-05-28 23:01:03,975 - INFO - 重用分布图已保存到 integrated_output\reusability\JDT_reuse_distribution.png
2025-05-28 23:01:03,980 - INFO - 完成 JDT 的集成输出生成
2025-05-28 23:01:03,980 - INFO - 正在生成总结报告
2025-05-28 23:01:03,981 - INFO - 生成总结报告完成
2025-05-28 23:01:03,981 - INFO - 集成输出生成完成，成功处理 5/5 个项目
